<?xml version="1.0" encoding="UTF-8"?>
<testsuite name="com.board.game.PlayerTest" tests="1" skipped="0" failures="0" errors="0" timestamp="2025-02-22T22:20:35" hostname="LEO" time="0.013">
  <properties/>
  <testcase name="shouldHaveTenMillestonesAndReturnFifithPoints()" classname="com.board.game.PlayerTest" time="0.013"/>
  <system-out><![CDATA[]]></system-out>
  <system-err><![CDATA[]]></system-err>
</testsuite>
